Detecting the CUDA native architecture(s) failed with the following output:
  No CUDA devices found.

Performing C SOURCE FILE Test CMAKE_HAVE_LIBC_PTHREAD failed with the following output:
Change Dir: /home/dengziye/xgboost_m/python-package/CMakeFiles/CMakeTmp

Run Build Command(s):/usr/bin/gmake -f Makefile cmTC_01286/fast && /usr/bin/gmake  -f CMakeFiles/cmTC_01286.dir/build.make CMakeFiles/cmTC_01286.dir/build
gmake[1]: Entering directory '/mnt/weka/home/dengziye/xgboost_m/python-package/CMakeFiles/CMakeTmp'
Building C object CMakeFiles/cmTC_01286.dir/src.c.o
/opt/share/linux-rocky8-x86_64/gcc-12.2.0/gcc-11.3.0-mjmpcmm46jwbrgtvnyskfwb6sdj7qbur/bin/gcc -DCMAKE_HAVE_LIBC_PTHREAD   -o CMakeFiles/cmTC_01286.dir/src.c.o -c /home/dengziye/xgboost_m/python-package/CMakeFiles/CMakeTmp/src.c
Linking C executable cmTC_01286
/mnt/weka/opt/linux-rocky8-x86_64/gcc-12.2.0/cmake-3.24.3-sxm6rsgefgykrftwhctf5inbwmocyh7w/bin/cmake -E cmake_link_script CMakeFiles/cmTC_01286.dir/link.txt --verbose=1
/opt/share/linux-rocky8-x86_64/gcc-12.2.0/gcc-11.3.0-mjmpcmm46jwbrgtvnyskfwb6sdj7qbur/bin/gcc CMakeFiles/cmTC_01286.dir/src.c.o -o cmTC_01286 
CMakeFiles/cmTC_01286.dir/src.c.o: In function `main':
src.c:(.text+0x2d): undefined reference to `pthread_create'
src.c:(.text+0x39): undefined reference to `pthread_detach'
src.c:(.text+0x45): undefined reference to `pthread_cancel'
src.c:(.text+0x56): undefined reference to `pthread_join'
collect2: error: ld returned 1 exit status
gmake[1]: *** [CMakeFiles/cmTC_01286.dir/build.make:99: cmTC_01286] Error 1
gmake[1]: Leaving directory '/mnt/weka/home/dengziye/xgboost_m/python-package/CMakeFiles/CMakeTmp'
gmake: *** [Makefile:127: cmTC_01286/fast] Error 2


Source file was:
#include <pthread.h>

static void* test_func(void* data)
{
  return data;
}

int main(void)
{
  pthread_t thread;
  pthread_create(&thread, NULL, test_func, NULL);
  pthread_detach(thread);
  pthread_cancel(thread);
  pthread_join(thread, NULL);
  pthread_atfork(NULL, NULL, NULL);
  pthread_exit(NULL);

  return 0;
}

Determining if the function pthread_create exists in the pthreads failed with the following output:
Change Dir: /home/dengziye/xgboost_m/python-package/CMakeFiles/CMakeTmp

Run Build Command(s):/usr/bin/gmake -f Makefile cmTC_f7633/fast && /usr/bin/gmake  -f CMakeFiles/cmTC_f7633.dir/build.make CMakeFiles/cmTC_f7633.dir/build
gmake[1]: Entering directory '/mnt/weka/home/dengziye/xgboost_m/python-package/CMakeFiles/CMakeTmp'
Building C object CMakeFiles/cmTC_f7633.dir/CheckFunctionExists.c.o
/opt/share/linux-rocky8-x86_64/gcc-12.2.0/gcc-11.3.0-mjmpcmm46jwbrgtvnyskfwb6sdj7qbur/bin/gcc   -DCHECK_FUNCTION_EXISTS=pthread_create -o CMakeFiles/cmTC_f7633.dir/CheckFunctionExists.c.o -c /mnt/weka/opt/linux-rocky8-x86_64/gcc-12.2.0/cmake-3.24.3-sxm6rsgefgykrftwhctf5inbwmocyh7w/share/cmake-3.24/Modules/CheckFunctionExists.c
Linking C executable cmTC_f7633
/mnt/weka/opt/linux-rocky8-x86_64/gcc-12.2.0/cmake-3.24.3-sxm6rsgefgykrftwhctf5inbwmocyh7w/bin/cmake -E cmake_link_script CMakeFiles/cmTC_f7633.dir/link.txt --verbose=1
/opt/share/linux-rocky8-x86_64/gcc-12.2.0/gcc-11.3.0-mjmpcmm46jwbrgtvnyskfwb6sdj7qbur/bin/gcc  -DCHECK_FUNCTION_EXISTS=pthread_create CMakeFiles/cmTC_f7633.dir/CheckFunctionExists.c.o -o cmTC_f7633  -lpthreads 
/usr/bin/ld: cannot find -lpthreads
collect2: error: ld returned 1 exit status
gmake[1]: *** [CMakeFiles/cmTC_f7633.dir/build.make:99: cmTC_f7633] Error 1
gmake[1]: Leaving directory '/mnt/weka/home/dengziye/xgboost_m/python-package/CMakeFiles/CMakeTmp'
gmake: *** [Makefile:127: cmTC_f7633/fast] Error 2



