Detecting the CUDA native architecture(s) failed with the following output:
  No CUDA devices found.

Performing C SOURCE FILE Test CMAKE_HAVE_LIBC_PTHREAD failed with the following output:
Change Dir: /mnt/weka/home/dengziye/xgboost_m/build/CMakeFiles/CMakeTmp

Run Build Command(s):/usr/bin/gmake -f Makefile cmTC_64cfe/fast && /usr/bin/gmake  -f CMakeFiles/cmTC_64cfe.dir/build.make CMakeFiles/cmTC_64cfe.dir/build
gmake[1]: Entering directory '/mnt/weka/home/dengziye/xgboost_m/build/CMakeFiles/CMakeTmp'
Building C object CMakeFiles/cmTC_64cfe.dir/src.c.o
/opt/share/linux-rocky8-x86_64/gcc-12.2.0/gcc-11.3.0-mjmpcmm46jwbrgtvnyskfwb6sdj7qbur/bin/gcc -DCMAKE_HAVE_LIBC_PTHREAD   -o CMakeFiles/cmTC_64cfe.dir/src.c.o -c /mnt/weka/home/dengziye/xgboost_m/build/CMakeFiles/CMakeTmp/src.c
Linking C executable cmTC_64cfe
/mnt/weka/opt/linux-rocky8-x86_64/gcc-12.2.0/cmake-3.24.3-sxm6rsgefgykrftwhctf5inbwmocyh7w/bin/cmake -E cmake_link_script CMakeFiles/cmTC_64cfe.dir/link.txt --verbose=1
/opt/share/linux-rocky8-x86_64/gcc-12.2.0/gcc-11.3.0-mjmpcmm46jwbrgtvnyskfwb6sdj7qbur/bin/gcc CMakeFiles/cmTC_64cfe.dir/src.c.o -o cmTC_64cfe 
CMakeFiles/cmTC_64cfe.dir/src.c.o: In function `main':
src.c:(.text+0x2d): undefined reference to `pthread_create'
src.c:(.text+0x39): undefined reference to `pthread_detach'
src.c:(.text+0x45): undefined reference to `pthread_cancel'
src.c:(.text+0x56): undefined reference to `pthread_join'
collect2: error: ld returned 1 exit status
gmake[1]: *** [CMakeFiles/cmTC_64cfe.dir/build.make:99: cmTC_64cfe] Error 1
gmake[1]: Leaving directory '/mnt/weka/home/dengziye/xgboost_m/build/CMakeFiles/CMakeTmp'
gmake: *** [Makefile:127: cmTC_64cfe/fast] Error 2


Source file was:
#include <pthread.h>

static void* test_func(void* data)
{
  return data;
}

int main(void)
{
  pthread_t thread;
  pthread_create(&thread, NULL, test_func, NULL);
  pthread_detach(thread);
  pthread_cancel(thread);
  pthread_join(thread, NULL);
  pthread_atfork(NULL, NULL, NULL);
  pthread_exit(NULL);

  return 0;
}

Determining if the function pthread_create exists in the pthreads failed with the following output:
Change Dir: /mnt/weka/home/dengziye/xgboost_m/build/CMakeFiles/CMakeTmp

Run Build Command(s):/usr/bin/gmake -f Makefile cmTC_16895/fast && /usr/bin/gmake  -f CMakeFiles/cmTC_16895.dir/build.make CMakeFiles/cmTC_16895.dir/build
gmake[1]: Entering directory '/mnt/weka/home/dengziye/xgboost_m/build/CMakeFiles/CMakeTmp'
Building C object CMakeFiles/cmTC_16895.dir/CheckFunctionExists.c.o
/opt/share/linux-rocky8-x86_64/gcc-12.2.0/gcc-11.3.0-mjmpcmm46jwbrgtvnyskfwb6sdj7qbur/bin/gcc   -DCHECK_FUNCTION_EXISTS=pthread_create -o CMakeFiles/cmTC_16895.dir/CheckFunctionExists.c.o -c /mnt/weka/opt/linux-rocky8-x86_64/gcc-12.2.0/cmake-3.24.3-sxm6rsgefgykrftwhctf5inbwmocyh7w/share/cmake-3.24/Modules/CheckFunctionExists.c
Linking C executable cmTC_16895
/mnt/weka/opt/linux-rocky8-x86_64/gcc-12.2.0/cmake-3.24.3-sxm6rsgefgykrftwhctf5inbwmocyh7w/bin/cmake -E cmake_link_script CMakeFiles/cmTC_16895.dir/link.txt --verbose=1
/opt/share/linux-rocky8-x86_64/gcc-12.2.0/gcc-11.3.0-mjmpcmm46jwbrgtvnyskfwb6sdj7qbur/bin/gcc  -DCHECK_FUNCTION_EXISTS=pthread_create CMakeFiles/cmTC_16895.dir/CheckFunctionExists.c.o -o cmTC_16895  -lpthreads 
/usr/bin/ld: cannot find -lpthreads
collect2: error: ld returned 1 exit status
gmake[1]: *** [CMakeFiles/cmTC_16895.dir/build.make:99: cmTC_16895] Error 1
gmake[1]: Leaving directory '/mnt/weka/home/dengziye/xgboost_m/build/CMakeFiles/CMakeTmp'
gmake: *** [Makefile:127: cmTC_16895/fast] Error 2



Determining if the fopen64 exist failed with the following output:
Change Dir: /mnt/weka/home/dengziye/xgboost_m/build/CMakeFiles/CMakeTmp

Run Build Command(s):/usr/bin/gmake -f Makefile cmTC_dff6c/fast && /usr/bin/gmake  -f CMakeFiles/cmTC_dff6c.dir/build.make CMakeFiles/cmTC_dff6c.dir/build
gmake[1]: Entering directory '/mnt/weka/home/dengziye/xgboost_m/build/CMakeFiles/CMakeTmp'
Building C object CMakeFiles/cmTC_dff6c.dir/CheckSymbolExists.c.o
/opt/share/linux-rocky8-x86_64/gcc-12.2.0/gcc-11.3.0-mjmpcmm46jwbrgtvnyskfwb6sdj7qbur/bin/gcc    -o CMakeFiles/cmTC_dff6c.dir/CheckSymbolExists.c.o -c /mnt/weka/home/dengziye/xgboost_m/build/CMakeFiles/CMakeTmp/CheckSymbolExists.c
/mnt/weka/home/dengziye/xgboost_m/build/CMakeFiles/CMakeTmp/CheckSymbolExists.c: In function 'main':
/mnt/weka/home/dengziye/xgboost_m/build/CMakeFiles/CMakeTmp/CheckSymbolExists.c:8:19: error: 'fopen64' undeclared (first use in this function); did you mean 'fopen'?
    8 |   return ((int*)(&fopen64))[argc];
      |                   ^~~~~~~
      |                   fopen
/mnt/weka/home/dengziye/xgboost_m/build/CMakeFiles/CMakeTmp/CheckSymbolExists.c:8:19: note: each undeclared identifier is reported only once for each function it appears in
gmake[1]: *** [CMakeFiles/cmTC_dff6c.dir/build.make:78: CMakeFiles/cmTC_dff6c.dir/CheckSymbolExists.c.o] Error 1
gmake[1]: Leaving directory '/mnt/weka/home/dengziye/xgboost_m/build/CMakeFiles/CMakeTmp'
gmake: *** [Makefile:127: cmTC_dff6c/fast] Error 2


File /mnt/weka/home/dengziye/xgboost_m/build/CMakeFiles/CMakeTmp/CheckSymbolExists.c:
/* */
#include <stdio.h>

int main(int argc, char** argv)
{
  (void)argv;
#ifndef fopen64
  return ((int*)(&fopen64))[argc];
#else
  (void)argc;
  return 0;
#endif
}
